yarn run v1.22.10
$ ts-node-esm tests/perft.ts
‚úÖ TEST PASSED (depth 0) [1 = 1] {0ms}

‚úÖ TEST PASSED (depth 1) [20 = 20] {2ms}

‚úÖ TEST PASSED (depth 2) [400 = 400] {3ms}

‚úÖ TEST PASSED (depth 3) [8902 = 8902] {407ms}

‚úÖ TEST PASSED (depth 4) [197281 = 197281] {1125ms}

‚úÖ TEST PASSED (depth 0) [1 = 1] {0ms}

‚úÖ TEST PASSED (depth 1) [48 = 48] {0ms}

‚úÖ TEST PASSED (depth 2) [2039 = 2039] {15ms}

‚úÖ TEST PASSED (depth 3) [97862 = 97862] {743ms}

‚úÖ TEST PASSED (depth 4) [4085603 = 4085603] {12202ms}

‚úÖ TEST PASSED (depth 0) [1 = 1] {0ms}

‚úÖ TEST PASSED (depth 1) [14 = 14] {0ms}

‚úÖ TEST PASSED (depth 2) [191 = 191] {0ms}

‚úÖ TEST PASSED (depth 3) [2812 = 2812] {6ms}

‚úÖ TEST PASSED (depth 4) [43238 = 43238] {118ms}

‚úÖ TEST PASSED (depth 0) [1 = 1] {0ms}

‚úÖ TEST PASSED (depth 1) [6 = 6] {0ms}

‚úÖ TEST PASSED (depth 2) [264 = 264] {1ms}

‚ùå TEST FAILED (depth 3) [9467 ‚â† 9463] {25ms}
‚ùå position: r3k2r/Pppp1ppp/1b3nbN/nP6/BBP1P3/q4N2/Pp1P2PP/R2Q1RK1 w kq - 0 1
‚ùå expected: 9467
‚ùå actual: 9463

‚ùå TEST FAILED (depth 4) [422333 ‚â† 422149] {1901ms}
‚ùå position: r3k2r/Pppp1ppp/1b3nbN/nP6/BBP1P3/q4N2/Pp1P2PP/R2Q1RK1 w kq - 0 1
‚ùå expected: 422333
‚ùå actual: 422149

‚úÖ TEST PASSED (depth 0) [1 = 1] {0ms}

‚úÖ TEST PASSED (depth 1) [6 = 6] {0ms}

‚úÖ TEST PASSED (depth 2) [264 = 264] {0ms}

‚ùå TEST FAILED (depth 3) [9467 ‚â† 9463] {78ms}
‚ùå position: r2q1rk1/pP1p2pp/Q4n2/bbp1p3/Np6/1B3NBn/pPPP1PPP/R3K2R b KQ - 0 1 
‚ùå expected: 9467
‚ùå actual: 9463

‚ùå TEST FAILED (depth 4) [422333 ‚â† 422149] {1210ms}
‚ùå position: r2q1rk1/pP1p2pp/Q4n2/bbp1p3/Np6/1B3NBn/pPPP1PPP/R3K2R b KQ - 0 1 
‚ùå expected: 422333
‚ùå actual: 422149

‚úÖ TEST PASSED (depth 0) [1 = 1] {0ms}

‚úÖ TEST PASSED (depth 1) [44 = 44] {0ms}

‚úÖ TEST PASSED (depth 2) [1486 = 1486] {2ms}

‚úÖ TEST PASSED (depth 3) [62379 = 62379] {186ms}

‚ùå TEST FAILED (depth 4) [2103487 ‚â† 2103441] {10084ms}
‚ùå position: rnbq1k1r/pp1Pbppp/2p5/8/2B5/8/PPP1NnPP/RNBQK2R w KQ - 1 8
‚ùå expected: 2103487
‚ùå actual: 2103441

‚úÖ TEST PASSED (depth 0) [1 = 1] {0ms}

‚úÖ TEST PASSED (depth 1) [46 = 46] {0ms}

‚úÖ TEST PASSED (depth 2) [2079 = 2079] {5ms}

‚úÖ TEST PASSED (depth 3) [89890 = 89890] {250ms}

‚úÖ TEST PASSED (depth 4) [3894594 = 3894594] {15213ms}

üìã TEST RESULTS
‚úÖ 30 tests passed
‚ùå 5 tests failed
Done in 48.97s.
